Arguments: 
  /Users/daphne/.nvm/versions/node/v16.14.0/bin/node /Users/daphne/.nvm/versions/node/v16.14.0/bin/yarn

PATH: 
  /Users/daphne/.nvm/versions/node/v16.14.0/bin:/usr/local/bin:/usr/bin:/bin:/usr/sbin:/sbin:/Library/Apple/usr/bin

Yarn version: 
  1.22.18

Node version: 
  16.14.0

Platform: 
  darwin x64

Trace: 
  SyntaxError: /Users/daphne/Sites/sdu/sdu-react-scripts/packages/eslint/package.json: Unexpected token < in JSON at position 1793
      at JSON.parse (<anonymous>)
      at /Users/daphne/.nvm/versions/node/v16.14.0/lib/node_modules/yarn/lib/cli.js:1625:59
      at Generator.next (<anonymous>)
      at step (/Users/daphne/.nvm/versions/node/v16.14.0/lib/node_modules/yarn/lib/cli.js:310:30)
      at /Users/daphne/.nvm/versions/node/v16.14.0/lib/node_modules/yarn/lib/cli.js:321:13

npm manifest: 
  {
    "name": "@elseu/sdu-react-scripts",
    "version": "1.0.0",
    "private": "true",
    "author": {
      "name": "Daphne Smit",
      "email": "D.smit@sdu.nl"
    },
    "repository": {
      "type": "git",
      "url": "https://github.com/elseu/sdu-react-scripts"
    },
    "bugs": {
      "url": "https://github.com/elseu/sdu-react-scripts/issues"
    },
    "workspaces": [
      "packages/*"
    ],
    "preconstruct": {
      "packages": [
        "packages/rollup"
      ]
    },
    "scripts": {
      "postinstall": "preconstruct dev && manypkg check",
      "build": "preconstruct build",
      "lint": "eslint . --ext .ts,.tsx,.js,.jsx",
      "lint-fix": "eslint --fix . --ext .ts,.tsx,.js,.jsx",
      "release": "yarn workspaces run release"
    },
    "lint-staged": {
      "**/*.(js|ts|tsx)": [
        "eslint --fix"
      ]
    },
    "dependencies": {
      "@babel/core": "^7.17.9",
      "@babel/preset-env": "^7.16.11",
      "@manypkg/cli": "^0.19.1",
      "@preconstruct/cli": "^2.1.5",
      "@typescript-eslint/eslint-plugin": "^5.18.0",
      "@typescript-eslint/parser": "^5.18.0",
      "eslint": "^8.13.0",
      "eslint-config-standard": "^17.0.0-1",
      "eslint-import-resolver-typescript": "^2.7.1",
      "eslint-plugin-import": "^2.26.0",
      "eslint-plugin-jsx-a11y": "^6.5.1",
      "eslint-plugin-n": "^14.0.0",
      "eslint-plugin-promise": "^6.0.0",
      "eslint-plugin-react": "^7.29.4",
      "eslint-plugin-react-hooks": "^4.4.0",
      "eslint-plugin-simple-import-sort": "^7.0.0",
      "eslint-plugin-standard": "^4.1.0",
      "eslint-plugin-testing-library": "^5.2.1",
      "husky": "^7.0.4",
      "lint-staged": "^12.3.7"
    }
  }

yarn manifest: 
  No manifest

Lockfile: 
  No lockfile
